# JRE version: OpenJDK Runtime Environment GraalVM CE 22.3.0 (17.0.5+8) (build 17.0.5+8-jvmci-22.3-b08)
# Java VM: OpenJDK 64-Bit Server VM GraalVM CE 22.3.0 (17.0.5+8-jvmci-22.3-b08, mixed mode, sharing, tiered, jvmci, jvmci compiler, compressed oops, compressed class ptrs, parallel gc, linux-amd64)
GC Precious Log:
 CPUs: 8 total, 1 available
 Memory: 1024M
 Large Page Support: Disabled
 NUMA Support: Disabled
 Compressed Oops: Enabled (32-bit)
 Alignments: Space 512K, Generation 512K, Heap 2M
 Heap Min Capacity: 100M
 Heap Initial Capacity: 100M
 Heap Max Capacity: 512M
 Pre-touch: Disabled
 Parallel Workers: 1
Heap:
 PSYoungGen      total 50688K, used 36352K [0x00000000f5580000, 0x00000000f9580000, 0x0000000100000000)
  eden space 36352K, 100% used [0x00000000f5580000,0x00000000f7900000,0x00000000f7900000)
  from space 14336K, 0% used [0x00000000f7900000,0x00000000f7900000,0x00000000f8700000)
  to   space 11264K, 0% used [0x00000000f8a80000,0x00000000f8a80000,0x00000000f9580000)
 ParOldGen       total 349696K, used 349695K [0x00000000e0000000, 0x00000000f5580000, 0x00000000f5580000)
  object space 349696K, 99% used [0x00000000e0000000,0x00000000f557ffe8,0x00000000f5580000)
 Metaspace       used 60191K, committed 61440K, reserved 1105920K
  class space    used 5977K, committed 6464K, reserved 1048576K
GC Heap History (20 events):
Event: 604.278 GC heap before
{Heap before GC invocations=465 (full 338):
 PSYoungGen      total 50688K, used 36352K [0x00000000f5580000, 0x00000000f9580000, 0x0000000100000000)
  eden space 36352K, 100% used [0x00000000f5580000,0x00000000f7900000,0x00000000f7900000)
  from space 14336K, 0% used [0x00000000f7900000,0x00000000f7900000,0x00000000f8700000)
  to   space 11264K, 0% used [0x00000000f8a80000,0x00000000f8a80000,0x00000000f9580000)
 ParOldGen       total 349696K, used 349695K [0x00000000e0000000, 0x00000000f5580000, 0x00000000f5580000)
  object space 349696K, 99% used [0x00000000e0000000,0x00000000f557ffb0,0x00000000f5580000)
 Metaspace       used 60191K, committed 61440K, reserved 1105920K
  class space    used 5977K, committed 6464K, reserved 1048576K
}
Event: 605.686 GC heap after
{Heap after GC invocations=465 (full 338):
 PSYoungGen      total 47616K, used 36352K [0x00000000f5580000, 0x00000000f9580000, 0x0000000100000000)
  eden space 36352K, 100% used [0x00000000f5580000,0x00000000f7900000,0x00000000f7900000)
  from space 11264K, 0% used [0x00000000f8a80000,0x00000000f8a80000,0x00000000f9580000)
  to   space 14336K, 0% used [0x00000000f7900000,0x00000000f7900000,0x00000000f8700000)
 ParOldGen       total 349696K, used 349695K [0x00000000e0000000, 0x00000000f5580000, 0x00000000f5580000)
  object space 349696K, 99% used [0x00000000e0000000,0x00000000f557fca8,0x00000000f5580000)
 Metaspace       used 60191K, committed 61440K, reserved 1105920K
  class space    used 5977K, committed 6464K, reserved 1048576K
}
Event: 605.687 GC heap before
{Heap before GC invocations=466 (full 339):
 PSYoungGen      total 47616K, used 36352K [0x00000000f5580000, 0x00000000f9580000, 0x0000000100000000)
  eden space 36352K, 100% used [0x00000000f5580000,0x00000000f7900000,0x00000000f7900000)
  from space 11264K, 0% used [0x00000000f8a80000,0x00000000f8a80000,0x00000000f9580000)
  to   space 14336K, 0% used [0x00000000f7900000,0x00000000f7900000,0x00000000f8700000)
 ParOldGen       total 349696K, used 349695K [0x00000000e0000000, 0x00000000f5580000, 0x00000000f5580000)
  object space 349696K, 99% used [0x00000000e0000000,0x00000000f557fff0,0x00000000f5580000)
 Metaspace       used 60191K, committed 61440K, reserved 1105920K
  class space    used 5977K, committed 6464K, reserved 1048576K
}
Event: 607.148 GC heap after
{Heap after GC invocations=466 (full 339):
 PSYoungGen      total 50688K, used 36352K [0x00000000f5580000, 0x00000000f9580000, 0x0000000100000000)
  eden space 36352K, 100% used [0x00000000f5580000,0x00000000f7900000,0x00000000f7900000)
  from space 14336K, 0% used [0x00000000f7900000,0x00000000f7900000,0x00000000f8700000)
  to   space 11264K, 0% used [0x00000000f8a80000,0x00000000f8a80000,0x00000000f9580000)
 ParOldGen       total 349696K, used 349694K [0x00000000e0000000, 0x00000000f5580000, 0x00000000f5580000)
  object space 349696K, 99% used [0x00000000e0000000,0x00000000f557fbe0,0x00000000f5580000)
 Metaspace       used 60191K, committed 61440K, reserved 1105920K
  class space    used 5977K, committed 6464K, reserved 1048576K
}
Event: 607.149 GC heap before
{Heap before GC invocations=467 (full 340):
 PSYoungGen      total 50688K, used 36352K [0x00000000f5580000, 0x00000000f9580000, 0x0000000100000000)
  eden space 36352K, 100% used [0x00000000f5580000,0x00000000f7900000,0x00000000f7900000)
  from space 14336K, 0% used [0x00000000f7900000,0x00000000f7900000,0x00000000f8700000)
  to   space 11264K, 0% used [0x00000000f8a80000,0x00000000f8a80000,0x00000000f9580000)
 ParOldGen       total 349696K, used 349695K [0x00000000e0000000, 0x00000000f5580000, 0x00000000f5580000)
  object space 349696K, 99% used [0x00000000e0000000,0x00000000f557fe98,0x00000000f5580000)
 Metaspace       used 60191K, committed 61440K, reserved 1105920K
  class space    used 5977K, committed 6464K, reserved 1048576K
}
Event: 608.365 GC heap after
{Heap after GC invocations=467 (full 340):
 PSYoungGen      total 47616K, used 36352K [0x00000000f5580000, 0x00000000f9580000, 0x0000000100000000)
  eden space 36352K, 100% used [0x00000000f5580000,0x00000000f7900000,0x00000000f7900000)
  from space 11264K, 0% used [0x00000000f8a80000,0x00000000f8a80000,0x00000000f9580000)
  to   space 14336K, 0% used [0x00000000f7900000,0x00000000f7900000,0x00000000f8700000)
 ParOldGen       total 349696K, used 349695K [0x00000000e0000000, 0x00000000f5580000, 0x00000000f5580000)
  object space 349696K, 99% used [0x00000000e0000000,0x00000000f557fe78,0x00000000f5580000)
 Metaspace       used 60191K, committed 61440K, reserved 1105920K
  class space    used 5977K, committed 6464K, reserved 1048576K
}
Event: 608.365 GC heap before
{Heap before GC invocations=468 (full 341):
 PSYoungGen      total 47616K, used 36352K [0x00000000f5580000, 0x00000000f9580000, 0x0000000100000000)
  eden space 36352K, 100% used [0x00000000f5580000,0x00000000f7900000,0x00000000f7900000)
  from space 11264K, 0% used [0x00000000f8a80000,0x00000000f8a80000,0x00000000f9580000)
  to   space 14336K, 0% used [0x00000000f7900000,0x00000000f7900000,0x00000000f8700000)
 ParOldGen       total 349696K, used 349695K [0x00000000e0000000, 0x00000000f5580000, 0x00000000f5580000)
  object space 349696K, 99% used [0x00000000e0000000,0x00000000f557fff0,0x00000000f5580000)
 Metaspace       used 60191K, committed 61440K, reserved 1105920K
  class space    used 5977K, committed 6464K, reserved 1048576K
}
Event: 609.757 GC heap after
{Heap after GC invocations=468 (full 341):
 PSYoungGen      total 50688K, used 36352K [0x00000000f5580000, 0x00000000f9580000, 0x0000000100000000)
  eden space 36352K, 100% used [0x00000000f5580000,0x00000000f7900000,0x00000000f7900000)
  from space 14336K, 0% used [0x00000000f7900000,0x00000000f7900000,0x00000000f8700000)
  to   space 11264K, 0% used [0x00000000f8a80000,0x00000000f8a80000,0x00000000f9580000)
 ParOldGen       total 349696K, used 349695K [0x00000000e0000000, 0x00000000f5580000, 0x00000000f5580000)
  object space 349696K, 99% used [0x00000000e0000000,0x00000000f557fff0,0x00000000f5580000)
 Metaspace       used 60191K, committed 61440K, reserved 1105920K
  class space    used 5977K, committed 6464K, reserved 1048576K
}
Event: 609.757 GC heap before
{Heap before GC invocations=469 (full 342):
 PSYoungGen      total 50688K, used 36352K [0x00000000f5580000, 0x00000000f9580000, 0x0000000100000000)
  eden space 36352K, 100% used [0x00000000f5580000,0x00000000f7900000,0x00000000f7900000)
  from space 14336K, 0% used [0x00000000f7900000,0x00000000f7900000,0x00000000f8700000)
  to   space 11264K, 0% used [0x00000000f8a80000,0x00000000f8a80000,0x00000000f9580000)
 ParOldGen       total 349696K, used 349695K [0x00000000e0000000, 0x00000000f5580000, 0x00000000f5580000)
  object space 349696K, 99% used [0x00000000e0000000,0x00000000f557fff0,0x00000000f5580000)
 Metaspace       used 60191K, committed 61440K, reserved 1105920K
  class space    used 5977K, committed 6464K, reserved 1048576K
}
Event: 611.069 GC heap after
{Heap after GC invocations=469 (full 342):
 PSYoungGen      total 47616K, used 36352K [0x00000000f5580000, 0x00000000f9580000, 0x0000000100000000)
  eden space 36352K, 100% used [0x00000000f5580000,0x00000000f7900000,0x00000000f7900000)
  from space 11264K, 0% used [0x00000000f8a80000,0x00000000f8a80000,0x00000000f9580000)
  to   space 14336K, 0% used [0x00000000f7900000,0x00000000f7900000,0x00000000f8700000)
 ParOldGen       total 349696K, used 349695K [0x00000000e0000000, 0x00000000f5580000, 0x00000000f5580000)
  object space 349696K, 99% used [0x00000000e0000000,0x00000000f557fff0,0x00000000f5580000)
 Metaspace       used 60191K, committed 61440K, reserved 1105920K
  class space    used 5977K, committed 6464K, reserved 1048576K
}
Event: 611.070 GC heap before
{Heap before GC invocations=470 (full 343):
 PSYoungGen      total 47616K, used 36352K [0x00000000f5580000, 0x00000000f9580000, 0x0000000100000000)
  eden space 36352K, 100% used [0x00000000f5580000,0x00000000f7900000,0x00000000f7900000)
  from space 11264K, 0% used [0x00000000f8a80000,0x00000000f8a80000,0x00000000f9580000)
  to   space 14336K, 0% used [0x00000000f7900000,0x00000000f7900000,0x00000000f8700000)
 ParOldGen       total 349696K, used 349695K [0x00000000e0000000, 0x00000000f5580000, 0x00000000f5580000)
  object space 349696K, 99% used [0x00000000e0000000,0x00000000f557fff0,0x00000000f5580000)
 Metaspace       used 60191K, committed 61440K, reserved 1105920K
  class space    used 5977K, committed 6464K, reserved 1048576K
}
Event: 612.491 GC heap after
{Heap after GC invocations=470 (full 343):
 PSYoungGen      total 50688K, used 36352K [0x00000000f5580000, 0x00000000f9580000, 0x0000000100000000)
  eden space 36352K, 100% used [0x00000000f5580000,0x00000000f7900000,0x00000000f7900000)
  from space 14336K, 0% used [0x00000000f7900000,0x00000000f7900000,0x00000000f8700000)
  to   space 11264K, 0% used [0x00000000f8a80000,0x00000000f8a80000,0x00000000f9580000)
 ParOldGen       total 349696K, used 349695K [0x00000000e0000000, 0x00000000f5580000, 0x00000000f5580000)
  object space 349696K, 99% used [0x00000000e0000000,0x00000000f557fff0,0x00000000f5580000)
 Metaspace       used 60191K, committed 61440K, reserved 1105920K
  class space    used 5977K, committed 6464K, reserved 1048576K
}
Event: 612.491 GC heap before
{Heap before GC invocations=471 (full 344):
 PSYoungGen      total 50688K, used 36352K [0x00000000f5580000, 0x00000000f9580000, 0x0000000100000000)
  eden space 36352K, 100% used [0x00000000f5580000,0x00000000f7900000,0x00000000f7900000)
  from space 14336K, 0% used [0x00000000f7900000,0x00000000f7900000,0x00000000f8700000)
  to   space 11264K, 0% used [0x00000000f8a80000,0x00000000f8a80000,0x00000000f9580000)
 ParOldGen       total 349696K, used 349695K [0x00000000e0000000, 0x00000000f5580000, 0x00000000f5580000)
  object space 349696K, 99% used [0x00000000e0000000,0x00000000f557fff0,0x00000000f5580000)
 Metaspace       used 60191K, committed 61440K, reserved 1105920K
  class space    used 5977K, committed 6464K, reserved 1048576K
}
Event: 613.865 GC heap after
{Heap after GC invocations=471 (full 344):
 PSYoungGen      total 47616K, used 36352K [0x00000000f5580000, 0x00000000f9580000, 0x0000000100000000)
  eden space 36352K, 100% used [0x00000000f5580000,0x00000000f7900000,0x00000000f7900000)
  from space 11264K, 0% used [0x00000000f8a80000,0x00000000f8a80000,0x00000000f9580000)
  to   space 14336K, 0% used [0x00000000f7900000,0x00000000f7900000,0x00000000f8700000)
 ParOldGen       total 349696K, used 349695K [0x00000000e0000000, 0x00000000f5580000, 0x00000000f5580000)
  object space 349696K, 99% used [0x00000000e0000000,0x00000000f557fff0,0x00000000f5580000)
 Metaspace       used 60191K, committed 61440K, reserved 1105920K
  class space    used 5977K, committed 6464K, reserved 1048576K
}
Event: 613.866 GC heap before
{Heap before GC invocations=472 (full 345):
 PSYoungGen      total 47616K, used 36352K [0x00000000f5580000, 0x00000000f9580000, 0x0000000100000000)
  eden space 36352K, 100% used [0x00000000f5580000,0x00000000f7900000,0x00000000f7900000)
  from space 11264K, 0% used [0x00000000f8a80000,0x00000000f8a80000,0x00000000f9580000)
  to   space 14336K, 0% used [0x00000000f7900000,0x00000000f7900000,0x00000000f8700000)
 ParOldGen       total 349696K, used 349695K [0x00000000e0000000, 0x00000000f5580000, 0x00000000f5580000)
  object space 349696K, 99% used [0x00000000e0000000,0x00000000f557fff0,0x00000000f5580000)
 Metaspace       used 60191K, committed 61440K, reserved 1105920K
  class space    used 5977K, committed 6464K, reserved 1048576K
}
Event: 615.268 GC heap after
{Heap after GC invocations=472 (full 345):
 PSYoungGen      total 50688K, used 36352K [0x00000000f5580000, 0x00000000f9580000, 0x0000000100000000)
  eden space 36352K, 100% used [0x00000000f5580000,0x00000000f7900000,0x00000000f7900000)
  from space 14336K, 0% used [0x00000000f7900000,0x00000000f7900000,0x00000000f8700000)
  to   space 11264K, 0% used [0x00000000f8a80000,0x00000000f8a80000,0x00000000f9580000)
 ParOldGen       total 349696K, used 349695K [0x00000000e0000000, 0x00000000f5580000, 0x00000000f5580000)
  object space 349696K, 99% used [0x00000000e0000000,0x00000000f557fd20,0x00000000f5580000)
 Metaspace       used 60191K, committed 61440K, reserved 1105920K
  class space    used 5977K, committed 6464K, reserved 1048576K
}
Event: 615.269 GC heap before
{Heap before GC invocations=473 (full 346):
 PSYoungGen      total 50688K, used 36352K [0x00000000f5580000, 0x00000000f9580000, 0x0000000100000000)
  eden space 36352K, 100% used [0x00000000f5580000,0x00000000f7900000,0x00000000f7900000)
  from space 14336K, 0% used [0x00000000f7900000,0x00000000f7900000,0x00000000f8700000)
  to   space 11264K, 0% used [0x00000000f8a80000,0x00000000f8a80000,0x00000000f9580000)
 ParOldGen       total 349696K, used 349695K [0x00000000e0000000, 0x00000000f5580000, 0x00000000f5580000)
  object space 349696K, 99% used [0x00000000e0000000,0x00000000f557fd38,0x00000000f5580000)
 Metaspace       used 60191K, committed 61440K, reserved 1105920K
  class space    used 5977K, committed 6464K, reserved 1048576K
}
Event: 616.788 GC heap after
{Heap after GC invocations=473 (full 346):
 PSYoungGen      total 47616K, used 36352K [0x00000000f5580000, 0x00000000f9580000, 0x0000000100000000)
  eden space 36352K, 100% used [0x00000000f5580000,0x00000000f7900000,0x00000000f7900000)
  from space 11264K, 0% used [0x00000000f8a80000,0x00000000f8a80000,0x00000000f9580000)
  to   space 14336K, 0% used [0x00000000f7900000,0x00000000f7900000,0x00000000f8700000)
 ParOldGen       total 349696K, used 349695K [0x00000000e0000000, 0x00000000f5580000, 0x00000000f5580000)
  object space 349696K, 99% used [0x00000000e0000000,0x00000000f557fd38,0x00000000f5580000)
 Metaspace       used 60191K, committed 61440K, reserved 1105920K
  class space    used 5977K, committed 6464K, reserved 1048576K
}
Event: 616.788 GC heap before
{Heap before GC invocations=474 (full 347):
 PSYoungGen      total 47616K, used 36352K [0x00000000f5580000, 0x00000000f9580000, 0x0000000100000000)
  eden space 36352K, 100% used [0x00000000f5580000,0x00000000f7900000,0x00000000f7900000)
  from space 11264K, 0% used [0x00000000f8a80000,0x00000000f8a80000,0x00000000f9580000)
  to   space 14336K, 0% used [0x00000000f7900000,0x00000000f7900000,0x00000000f8700000)
 ParOldGen       total 349696K, used 349695K [0x00000000e0000000, 0x00000000f5580000, 0x00000000f5580000)
  object space 349696K, 99% used [0x00000000e0000000,0x00000000f557fd38,0x00000000f5580000)
 Metaspace       used 60191K, committed 61440K, reserved 1105920K
  class space    used 5977K, committed 6464K, reserved 1048576K
}
Event: 618.363 GC heap after
{Heap after GC invocations=474 (full 347):
 PSYoungGen      total 50688K, used 36352K [0x00000000f5580000, 0x00000000f9580000, 0x0000000100000000)
  eden space 36352K, 100% used [0x00000000f5580000,0x00000000f7900000,0x00000000f7900000)
  from space 14336K, 0% used [0x00000000f7900000,0x00000000f7900000,0x00000000f8700000)
  to   space 11264K, 0% used [0x00000000f8a80000,0x00000000f8a80000,0x00000000f9580000)
 ParOldGen       total 349696K, used 349695K [0x00000000e0000000, 0x00000000f5580000, 0x00000000f5580000)
  object space 349696K, 99% used [0x00000000e0000000,0x00000000f557fd38,0x00000000f5580000)
 Metaspace       used 60191K, committed 61440K, reserved 1105920K
  class space    used 5977K, committed 6464K, reserved 1048576K
}

